app/build/intermediates/manifest_merge_blame_file/debug/manifest-merger-blame-debug-report.txt
1<?xml version="1.0" encoding="utf-8"?>
2<manifest xmlns:android="http://schemas.android.com/apk/res/android"
3    package="com.lifeisfaceemptiness.handlelife"
4    android:versionCode="1"
5    android:versionName="1.0" >
6
7    <uses-sdk
8        android:minSdkVersion="27"
8-->src\main\AndroidManifest.xml
9        android:targetSdkVersion="30" />
9-->src\main\AndroidManifest.xml
10
11    <application
11-->src\main\AndroidManifest.xml:5:5-52:19
12        android:allowBackup="true"
12-->src\main\AndroidManifest.xml:6:9-35
13        android:appComponentFactory="androidx.core.app.CoreComponentFactory"
13-->[androidx.core:core:1.3.1] AndroidManifest.xml:24:18-86
14        android:debuggable="true"
15        android:extractNativeLibs="false"
16        android:icon="@mipmap/ic_ccalendar"
16-->src\main\AndroidManifest.xml:7:9-44
17        android:label="@string/app_name"
17-->src\main\AndroidManifest.xml:8:9-41
18        android:roundIcon="@mipmap/ic_ccalendar"
18-->src\main\AndroidManifest.xml:9:9-49
19        android:supportsRtl="true"
19-->src\main\AndroidManifest.xml:10:9-35
20        android:testOnly="true"
21        android:theme="@style/Theme.HandleLife" >
21-->src\main\AndroidManifest.xml:11:9-48
22        <activity android:name="com.lifeisfaceemptiness.handlelife.note.EditActivity" />
22-->src\main\AndroidManifest.xml:13:9-14:82
22-->src\main\AndroidManifest.xml:14:13-80
23        <activity android:name="com.lifeisfaceemptiness.handlelife.note.BasenoteActivity" />
23-->src\main\AndroidManifest.xml:15:9-92
23-->src\main\AndroidManifest.xml:15:19-90
24        <activity
24-->src\main\AndroidManifest.xml:17:9-27:20
25            android:name="com.lifeisfaceemptiness.handlelife.create.CreateActivity"
25-->src\main\AndroidManifest.xml:18:13-84
26            android:label="@string/title_activity_create"
26-->src\main\AndroidManifest.xml:19:13-58
27            android:launchMode="singleTask" >
27-->src\main\AndroidManifest.xml:20:13-44
28            <intent-filter>
28-->src\main\AndroidManifest.xml:21:13-26:29
29                <action android:name="com.lifeisfaceemptiness.handlelife.CREATE_PAGE" />
29-->src\main\AndroidManifest.xml:22:17-89
29-->src\main\AndroidManifest.xml:22:25-86
30
31                <category android:name="com.lifeisfaceemptiness.handlelife.CREATE_DIVERSE_ITEMS" />
31-->src\main\AndroidManifest.xml:24:17-100
31-->src\main\AndroidManifest.xml:24:27-97
32                <category android:name="android.intent.category.DEFAULT" />
32-->src\main\AndroidManifest.xml:25:17-76
32-->src\main\AndroidManifest.xml:25:27-73
33            </intent-filter>
34        </activity>
35        <activity
35-->src\main\AndroidManifest.xml:29:9-39:20
36            android:name="com.lifeisfaceemptiness.handlelife.overview.OverviewActivity"
36-->src\main\AndroidManifest.xml:30:13-88
37            android:label="@string/title_activity_overview"
37-->src\main\AndroidManifest.xml:31:13-60
38            android:launchMode="singleTask" >
38-->src\main\AndroidManifest.xml:32:13-44
39            <intent-filter>
39-->src\main\AndroidManifest.xml:33:13-38:29
40                <action android:name="com.lifeisfaceemptiness.handlelife.OVERVIEW_PAGES" />
40-->src\main\AndroidManifest.xml:34:17-92
40-->src\main\AndroidManifest.xml:34:25-89
41
42                <category android:name="com.lifeisfaceemptiness.handlelife.OVERVIEW_ALL_ITEMS" />
42-->src\main\AndroidManifest.xml:36:17-98
42-->src\main\AndroidManifest.xml:36:27-95
43                <category android:name="android.intent.category.DEFAULT" />
43-->src\main\AndroidManifest.xml:25:17-76
43-->src\main\AndroidManifest.xml:25:27-73
44            </intent-filter>
45        </activity>
46        <activity
46-->src\main\AndroidManifest.xml:40:9-51:20
47            android:name="com.lifeisfaceemptiness.handlelife.MainActivity"
47-->src\main\AndroidManifest.xml:41:13-75
48            android:label="@string/app_name"
48-->src\main\AndroidManifest.xml:42:13-45
49            android:launchMode="singleTask" >
49-->src\main\AndroidManifest.xml:43:13-44
50            <intent-filter>
50-->src\main\AndroidManifest.xml:44:13-50:29
51                <action android:name="android.intent.action.MAIN" />
51-->src\main\AndroidManifest.xml:45:17-69
51-->src\main\AndroidManifest.xml:45:25-66
52
53                <category android:name="android.intent.category.LAUNCHER" />
53-->src\main\AndroidManifest.xml:47:17-77
53-->src\main\AndroidManifest.xml:47:27-74
54                <category android:name="android.intent.category.DEFAULT" />
54-->src\main\AndroidManifest.xml:25:17-76
54-->src\main\AndroidManifest.xml:25:27-73
55                <category android:name="com.lifeisfaceemptiness.handlelife.BEGINNING_ACTIVITY" />
55-->src\main\AndroidManifest.xml:49:17-98
55-->src\main\AndroidManifest.xml:49:27-95
56            </intent-filter>
57        </activity>
58
59        <service
59-->[androidx.room:room-runtime:2.3.0] AndroidManifest.xml:25:9-28:40
60            android:name="androidx.room.MultiInstanceInvalidationService"
60-->[androidx.room:room-runtime:2.3.0] AndroidManifest.xml:26:13-74
61            android:directBootAware="true"
61-->[androidx.room:room-runtime:2.3.0] AndroidManifest.xml:27:13-43
62            android:exported="false" />
62-->[androidx.room:room-runtime:2.3.0] AndroidManifest.xml:28:13-37
63    </application>
64
65</manifest>